<?xml version="1.0" encoding="UTF-8"?>
<!-- Generated by org.testng.reporters.JUnitXMLReporter -->
<testsuite hostname="FA074627" failures="0" tests="6" name="Free pomArti App Test Cases" time="76.498" errors="0" timestamp="11 Feb 2025 11:51:44 GMT">
  <testcase classname="com.crm.qa.testcases.LoginPageTest" name="loginPageTitleTest" time="0.027"/>
  <testcase classname="com.crm.qa.testcases.HomePageTest" name="verifyHomePageTitleTest" time="0.015"/>
  <testcase classname="com.crm.qa.testcases.LoginPageTest" name="ImageTest" time="0.071"/>
  <testcase classname="com.crm.qa.testcases.HomePageTest" name="verifyUserNameTest" time="0.04"/>
  <testcase classname="com.crm.qa.testcases.LoginPageTest" name="loginTest" time="0.644"/>
  <testcase classname="com.crm.qa.testcases.HomePageTest" name="verifyBank_and_Finance_page_link_test" time="3.85"/>
</testsuite> <!-- Free pomArti App Test Cases -->
