<?xml version="1.0" encoding="UTF-8"?>
<!-- Generated by org.testng.reporters.JUnitXMLReporter -->
<testsuite hostname="FA074627" failures="0" tests="2" name="Default test" time="73.646" errors="0" timestamp="10 Feb 2025 10:08:09 GMT">
  <testcase classname="com.crm.qa.testcases.Banking_and_finance_test" name="verifybank_and_finance_page_label" time="0.054"/>
  <testcase classname="com.crm.qa.testcases.Banking_and_finance_test" name="select_bank_and_finance_page_dropdown" time="0.235"/>
</testsuite> <!-- Default test -->
