<?xml version="1.0" encoding="UTF-8"?>
<!-- Generated by org.testng.reporters.JUnitReportReporter -->
<testsuite hostname="FA074627" failures="0" tests="2" name="com.crm.qa.testcases.Banking_and_finance_test" time="73.627" errors="0" timestamp="10 Feb 2025 10:08:09 GMT">
  <testcase classname="com.crm.qa.testcases.Banking_and_finance_test" name="verifybank_and_finance_page_label" time="16.832"/>
  <testcase classname="com.crm.qa.testcases.Banking_and_finance_test" name="select_bank_and_finance_page_dropdown" time="56.795"/>
</testsuite> <!-- com.crm.qa.testcases.Banking_and_finance_test -->
