<?xml version="1.0" encoding="UTF-8"?>
<!-- Generated by org.testng.reporters.JUnitReportReporter -->
<testsuite hostname="FA074627" failures="0" tests="3" name="com.crm.qa.testcases.HomePageTest" time="48.584" errors="0" timestamp="11 Feb 2025 11:51:45 GMT">
  <testcase classname="com.crm.qa.testcases.HomePageTest" name="verifyHomePageTitleTest" time="13.979"/>
  <testcase classname="com.crm.qa.testcases.HomePageTest" name="verifyBank_and_Finance_page_link_test" time="17.808"/>
  <testcase classname="com.crm.qa.testcases.HomePageTest" name="verifyUserNameTest" time="16.797"/>
</testsuite> <!-- com.crm.qa.testcases.HomePageTest -->
