<?xml version="1.0" encoding="UTF-8"?>
<!-- Generated by org.testng.reporters.JUnitReportReporter -->
<testsuite hostname="FA074627" failures="0" tests="3" name="com.crm.qa.testcases.LoginPageTest" time="27.891" errors="0" timestamp="11 Feb 2025 11:51:45 GMT">
  <testcase classname="com.crm.qa.testcases.LoginPageTest" name="loginPageTitleTest" time="8.542"/>
  <testcase classname="com.crm.qa.testcases.LoginPageTest" name="ImageTest" time="8.214"/>
  <testcase classname="com.crm.qa.testcases.LoginPageTest" name="loginTest" time="11.135"/>
</testsuite> <!-- com.crm.qa.testcases.LoginPageTest -->
